  prx.cpp
C:\Users\rstei\Desktop\PC\games\PS3\DownCraft Client SPRX\MC\ps3.h(147,9): warning 2623: conversion from a string literal to "char *" is deprecated
  
C:\Users\rstei\Desktop\PC\games\PS3\DownCraft Client SPRX\MC\dialog.h(230,6): warning 178: variable "ret" was declared but never referenced
  
C:\Users\rstei\Desktop\PC\games\PS3\DownCraft Client SPRX\MC\dialog.h(272,6): warning 552: variable "ret" was set but never used
  
C:\Users\rstei\Desktop\PC\games\PS3\DownCraft Client SPRX\MC\UI.h(8,22): warning 2623: conversion from a string literal to "char *" is deprecated
  
C:\Users\rstei\Desktop\PC\games\PS3\DownCraft Client SPRX\MC\UI.h(12,20): warning 2623: conversion from a string literal to "char *" is deprecated
  
C:\Users\rstei\Desktop\PC\games\PS3\DownCraft Client SPRX\MC\struct.h(22,9): warning 432: returning reference to local temporary
  
C:\Users\rstei\Desktop\PC\games\PS3\DownCraft Client SPRX\MC\struct.h(26,9): warning 432: returning reference to local temporary
  
C:\Users\rstei\Desktop\PC\games\PS3\DownCraft Client SPRX\MC\struct.h(65,7): warning 429: qualified name is not allowed in member declaration
  
C:\Users\rstei\Desktop\PC\games\PS3\DownCraft Client SPRX\MC\struct.h(42,9): warning 432: returning reference to local temporary
  
C:\Users\rstei\Desktop\PC\games\PS3\DownCraft Client SPRX\MC\struct.h(51,9): warning 432: returning reference to local temporary
  
C:\Users\rstei\Desktop\PC\games\PS3\DownCraft Client SPRX\MC\struct.h(54,9): warning 432: returning reference to local temporary
  
C:\Users\rstei\Desktop\PC\games\PS3\DownCraft Client SPRX\MC\struct.h(57,9): warning 432: returning reference to local temporary
  
C:\Users\rstei\Desktop\PC\games\PS3\DownCraft Client SPRX\MC\struct.h(60,9): warning 432: returning reference to local temporary
  
C:\Users\rstei\Desktop\PC\games\PS3\DownCraft Client SPRX\MC\struct.h(91,9): warning 432: returning reference to local temporary
  
C:\Users\rstei\Desktop\PC\games\PS3\DownCraft Client SPRX\MC\struct.h(95,9): warning 432: returning reference to local temporary
  
C:\Users\rstei\Desktop\PC\games\PS3\DownCraft Client SPRX\MC\struct.h(237,6): warning 1700: class "LevelRenderer" has virtual functions but non-virtual destructor
  
C:\Users\rstei\Desktop\PC\games\PS3\DownCraft Client SPRX\MC\struct.h(307,6): warning 1700: class "MultiPlayerLevel" has virtual functions but non-virtual destructor
  
C:\Users\rstei\Desktop\PC\games\PS3\DownCraft Client SPRX\MC\struct.h(422,6): warning 1700: class "MultiplayerLocalPlayer" has virtual functions but non-virtual destructor
  
C:\Users\rstei\Desktop\PC\games\PS3\DownCraft Client SPRX\MC\var.h(184,17): warning 2623: conversion from a string literal to "char *" is deprecated
  
C:\Users\rstei\Desktop\PC\games\PS3\DownCraft Client SPRX\MC\huds.h(51): warning 942: missing return statement at end of non-void function "Minecraft_getLocalPlayerIdx"
  
C:\Users\rstei\Desktop\PC\games\PS3\DownCraft Client SPRX\MC\huds.h(61): warning 942: missing return statement at end of non-void function "__printf"
  
C:\Users\rstei\Desktop\PC\games\PS3\DownCraft Client SPRX\MC\huds.h(76): warning 942: missing return statement at end of non-void function "CInput_RequestKeyboard"
  
C:\Users\rstei\Desktop\PC\games\PS3\DownCraft Client SPRX\MC\huds.h(86): warning 942: missing return statement at end of non-void function "GuiComponent_drawString"
  
C:\Users\rstei\Desktop\PC\games\PS3\DownCraft Client SPRX\MC\huds.h(90,35): warning 1772: argument of type "float" is implicitly converted to parameter (2 of GuiComponent_fill) of type "std::uint32_t"
  
C:\Users\rstei\Desktop\PC\games\PS3\DownCraft Client SPRX\MC\huds.h(90,38): warning 1772: argument of type "float" is implicitly converted to parameter (3 of GuiComponent_fill) of type "std::uint32_t"
  
C:\Users\rstei\Desktop\PC\games\PS3\DownCraft Client SPRX\MC\huds.h(90,41): warning 1772: argument of type "float" is implicitly converted to parameter (4 of GuiComponent_fill) of type "std::uint32_t"
  
C:\Users\rstei\Desktop\PC\games\PS3\DownCraft Client SPRX\MC\huds.h(90,48): warning 1772: argument of type "float" is implicitly converted to parameter (5 of GuiComponent_fill) of type "std::uint32_t"
  
C:\Users\rstei\Desktop\PC\games\PS3\DownCraft Client SPRX\MC\huds.h(96): warning 942: missing return statement at end of non-void function "__snprintf"
  
C:\Users\rstei\Desktop\PC\games\PS3\DownCraft Client SPRX\MC\huds.h(199,58): warning 1322: taking the address of a temporary
  
C:\Users\rstei\Desktop\PC\games\PS3\DownCraft Client SPRX\MC\huds.h(199,82): warning 1772: argument of type "float" is implicitly converted to parameter (3 of drawShadowText) of type "std::uint32_t"
  
C:\Users\rstei\Desktop\PC\games\PS3\DownCraft Client SPRX\MC\huds.h(199,85): warning 1772: argument of type "float" is implicitly converted to parameter (4 of drawShadowText) of type "std::uint32_t"
  
C:\Users\rstei\Desktop\PC\games\PS3\DownCraft Client SPRX\MC\huds.h(204,58): warning 1322: taking the address of a temporary
  
C:\Users\rstei\Desktop\PC\games\PS3\DownCraft Client SPRX\MC\huds.h(204,76): warning 1772: argument of type "float" is implicitly converted to parameter (3 of drawShadowText) of type "std::uint32_t"
  
C:\Users\rstei\Desktop\PC\games\PS3\DownCraft Client SPRX\MC\huds.h(204,79): warning 1772: argument of type "float" is implicitly converted to parameter (4 of drawShadowText) of type "std::uint32_t"
  
C:\Users\rstei\Desktop\PC\games\PS3\DownCraft Client SPRX\MC\huds.h(209,83): warning 1322: taking the address of a temporary
  
C:\Users\rstei\Desktop\PC\games\PS3\DownCraft Client SPRX\MC\huds.h(266,7): warning 178: variable "startl" was declared but never referenced
  
C:\Users\rstei\Desktop\PC\games\PS3\DownCraft Client SPRX\MC\huds.h(267,7): warning 178: variable "endl" was declared but never referenced
  
C:\Users\rstei\Desktop\PC\games\PS3\DownCraft Client SPRX\MC\huds.h(285,11): warning 1628: argument of type "const char *" is incompatible with parameter (1 of drawText) of type "char *"
  
C:\Users\rstei\Desktop\PC\games\PS3\DownCraft Client SPRX\MC\huds.h(291,11): warning 1628: argument of type "const char *" is incompatible with parameter (1 of drawText) of type "char *"
  
C:\Users\rstei\Desktop\PC\games\PS3\DownCraft Client SPRX\MC\huds.h(445,35): warning 2520: invalid narrowing conversion from "int" to "unsigned char"
  
C:\Users\rstei\Desktop\PC\games\PS3\DownCraft Client SPRX\MC\menu.h(1054,11): warning 1628: argument of type "const char *" is incompatible with parameter (1 of drawText) of type "char *"
  
C:\Users\rstei\Desktop\PC\games\PS3\DownCraft Client SPRX\MC\ps3.h(81,18): warning 2520: invalid narrowing conversion from "long long" to "int"
  
  MC.vcxproj -> C:\Users\rstei\Desktop\PC\games\PS3\DownCraft Client SPRX\PS3_Debug\MC.sprx
  Cannot find the expected PRX Stub Library file: cellPrx_MC_stub.a
