  prx.cpp
C:\Users\randy\Documents\GitHub\4J-DevKit\Source SPRX\Minecraft SPRX cleaned base\Minecraft\Variables.h(4,17): warning 2623: conversion from a string literal to "char *" is deprecated
  
C:\Users\randy\Documents\GitHub\4J-DevKit\Source SPRX\Minecraft SPRX cleaned base\Minecraft\PS3.h(453,2): warning 551: variable "FreeMemory" is used before its value is set
  
C:\Users\randy\Documents\GitHub\4J-DevKit\Source SPRX\Minecraft SPRX cleaned base\Minecraft\PS3.h(454,16): warning 551: variable "HeapFree" is used before its value is set
  
C:\Users\randy\Documents\GitHub\4J-DevKit\Source SPRX\Minecraft SPRX cleaned base\Minecraft\PS3.h(455,2): warning 551: variable "UsedMemory" is used before its value is set
  
C:\Users\randy\Documents\GitHub\4J-DevKit\Source SPRX\Minecraft SPRX cleaned base\Minecraft\PS3.h(495,9): warning 1070: returning pointer to local variable
  
C:\Users\randy\Documents\GitHub\4J-DevKit\Source SPRX\Minecraft SPRX cleaned base\Minecraft\PS3.h(510,10): warning 2623: conversion from a string literal to "char *" is deprecated
  
C:\Users\randy\Documents\GitHub\4J-DevKit\Source SPRX\Minecraft SPRX cleaned base\Minecraft\PS3.h(519,10): warning 1070: returning pointer to local variable
  
C:\Users\randy\Documents\GitHub\4J-DevKit\Source SPRX\Minecraft SPRX cleaned base\Minecraft\PS3.h(522,1): warning 942: missing return statement at end of non-void function "HTTP::SendLocalRequest"
  
C:\Users\randy\Documents\GitHub\4J-DevKit\Source SPRX\Minecraft SPRX cleaned base\Minecraft\PS3.h(546,10): warning 2623: conversion from a string literal to "char *" is deprecated
  
C:\Users\randy\Documents\GitHub\4J-DevKit\Source SPRX\Minecraft SPRX cleaned base\Minecraft\PS3.h(555,10): warning 1070: returning pointer to local variable
  
C:\Users\randy\Documents\GitHub\4J-DevKit\Source SPRX\Minecraft SPRX cleaned base\Minecraft\PS3.h(558,1): warning 942: missing return statement at end of non-void function "HTTP::SendURLRequest"
  
C:\Users\randy\Documents\GitHub\4J-DevKit\Source SPRX\Minecraft SPRX cleaned base\Minecraft\PS3.h(565,17): warning 1628: argument of type "const char *" is incompatible with parameter (1 of SendURLRequest) of type "char *"
  
C:\Users\randy\Documents\GitHub\4J-DevKit\Source SPRX\Minecraft SPRX cleaned base\Minecraft\Dialog.h(196,6): warning 178: variable "ret" was declared but never referenced
  
C:\Users\randy\Documents\GitHub\4J-DevKit\Source SPRX\Minecraft SPRX cleaned base\Minecraft\Dialog.h(238,6): warning 552: variable "ret" was set but never used
  
C:\Users\randy\Documents\GitHub\4J-DevKit\Source SPRX\Minecraft SPRX cleaned base\Minecraft\Vector.h(23,9): warning 432: returning reference to local temporary
  
C:\Users\randy\Documents\GitHub\4J-DevKit\Source SPRX\Minecraft SPRX cleaned base\Minecraft\Vector.h(27,9): warning 432: returning reference to local temporary
  
C:\Users\randy\Documents\GitHub\4J-DevKit\Source SPRX\Minecraft SPRX cleaned base\Minecraft\Vector.h(66,7): warning 429: qualified name is not allowed in member declaration
  
C:\Users\randy\Documents\GitHub\4J-DevKit\Source SPRX\Minecraft SPRX cleaned base\Minecraft\Vector.h(43,9): warning 432: returning reference to local temporary
  
C:\Users\randy\Documents\GitHub\4J-DevKit\Source SPRX\Minecraft SPRX cleaned base\Minecraft\Vector.h(52,9): warning 432: returning reference to local temporary
  
C:\Users\randy\Documents\GitHub\4J-DevKit\Source SPRX\Minecraft SPRX cleaned base\Minecraft\Vector.h(55,9): warning 432: returning reference to local temporary
  
C:\Users\randy\Documents\GitHub\4J-DevKit\Source SPRX\Minecraft SPRX cleaned base\Minecraft\Vector.h(58,9): warning 432: returning reference to local temporary
  
C:\Users\randy\Documents\GitHub\4J-DevKit\Source SPRX\Minecraft SPRX cleaned base\Minecraft\Vector.h(61,9): warning 432: returning reference to local temporary
  
C:\Users\randy\Documents\GitHub\4J-DevKit\Source SPRX\Minecraft SPRX cleaned base\Minecraft\Vector.h(92,9): warning 432: returning reference to local temporary
  
C:\Users\randy\Documents\GitHub\4J-DevKit\Source SPRX\Minecraft SPRX cleaned base\Minecraft\Vector.h(96,9): warning 432: returning reference to local temporary
  
C:\Users\randy\Documents\GitHub\4J-DevKit\Source SPRX\Minecraft SPRX cleaned base\Minecraft\Struct.h(81,6): warning 1700: class "LevelRenderer" has virtual functions but non-virtual destructor
  
C:\Users\randy\Documents\GitHub\4J-DevKit\Source SPRX\Minecraft SPRX cleaned base\Minecraft\Struct.h(134,6): warning 1700: class "MultiPlayerLevel" has virtual functions but non-virtual destructor
  
C:\Users\randy\Documents\GitHub\4J-DevKit\Source SPRX\Minecraft SPRX cleaned base\Minecraft\Struct.h(249,6): warning 1700: class "MultiplayerLocalPlayer" has virtual functions but non-virtual destructor
  
C:\Users\randy\Documents\GitHub\4J-DevKit\Source SPRX\Minecraft SPRX cleaned base\Minecraft\Game.h(17,63): warning 1322: taking the address of a temporary
  
C:\Users\randy\Documents\GitHub\4J-DevKit\Source SPRX\Minecraft SPRX cleaned base\Minecraft\Game.h(17,81): warning 1772: argument of type "float" is implicitly converted to parameter (3) of type "std::uint32_t"
  
C:\Users\randy\Documents\GitHub\4J-DevKit\Source SPRX\Minecraft SPRX cleaned base\Minecraft\Game.h(17,84): warning 1772: argument of type "float" is implicitly converted to parameter (4) of type "std::uint32_t"
  
  Minecraft.vcxproj -> C:\Users\randy\Documents\GitHub\4J-DevKit\Source SPRX\Minecraft SPRX cleaned base\PS3_Debug\Minecraft.sprx
  Cannot find the expected PRX Stub Library file: cellPrx_Minecraft_stub.a
  Oops the file inject SPRX was not found
  Press any enter to continue.
