c:\users\rstei\desktop\minecraft sprx\bin\debug-ps3\cellprx_minecraft_stub.a
c:\users\rstei\documents\github\4j-devkit\minecraft base sprx\bin\debug-ps3\cellprx_minecraft_stub.a
c:\users\rstei\desktop\minecraft sprx\bin\debug-ps3\minecraft.sprx
c:\users\rstei\documents\github\4j-devkit\minecraft base sprx\bin\debug-ps3\minecraft.sprx
c:\users\rstei\appdata\local\temp\ps3ppuld300762\lib.ent.o
c:\users\rstei\appdata\local\temp\ps3ppuld251442\lib.ent.o
c:\users\rstei\appdata\local\temp\ps3ppuld40762\lib.ent.o
c:\users\rstei\appdata\local\temp\ps3ppuld146522\lib.ent.o
c:\users\rstei\appdata\local\temp\ps3ppuld62922\lib.ent.o
c:\users\rstei\appdata\local\temp\ps3ppuld162922\lib.ent.o
c:\users\rstei\appdata\local\temp\ps3ppuld57002\lib.ent.o
c:\users\rstei\appdata\local\temp\ps3ppuld306802\lib.ent.o
c:\users\rstei\appdata\local\temp\ps3ppuld49762\lib.ent.o
c:\users\rstei\appdata\local\temp\ps3ppuld210242\lib.ent.o
c:\users\rstei\appdata\local\temp\ps3ppuld195002\lib.ent.o
c:\users\rstei\appdata\local\temp\ps3ppuld150082\lib.ent.o
c:\users\rstei\appdata\local\temp\ps3ppuld253162\lib.ent.o
c:\users\rstei\appdata\local\temp\ps3ppuld182522\lib.ent.o
c:\users\rstei\appdata\local\temp\ps3ppuld232482\lib.ent.o
c:\users\rstei\appdata\local\temp\ps3ppuld178602\lib.ent.o
c:\users\rstei\appdata\local\temp\ps3ppuld58322\lib.ent.o
c:\users\rstei\appdata\local\temp\ps3ppuld235442\lib.ent.o
c:\users\rstei\appdata\local\temp\ps3ppuld96322\lib.ent.o
c:\users\rstei\appdata\local\temp\ps3ppuld300442\lib.ent.o
c:\users\rstei\appdata\local\temp\ps3ppuld127442\lib.ent.o
c:\users\rstei\appdata\local\temp\ps3ppuld251402\lib.ent.o
c:\users\rstei\appdata\local\temp\ps3ppuld286202\lib.ent.o
c:\users\rstei\appdata\local\temp\ps3ppuld150522\lib.ent.o
c:\users\rstei\appdata\local\temp\ps3ppuld224042\lib.ent.o
c:\users\rstei\appdata\local\temp\ps3ppuld211522\lib.ent.o
c:\users\rstei\appdata\local\temp\ps3ppuld300762\minecraft
c:\users\rstei\appdata\local\temp\ps3ppuld251442\minecraft
c:\users\rstei\appdata\local\temp\ps3ppuld40762\minecraft
c:\users\rstei\appdata\local\temp\ps3ppuld146522\minecraft
c:\users\rstei\appdata\local\temp\ps3ppuld62922\minecraft
c:\users\rstei\appdata\local\temp\ps3ppuld162922\minecraft
c:\users\rstei\appdata\local\temp\ps3ppuld57002\minecraft
c:\users\rstei\appdata\local\temp\ps3ppuld306802\minecraft
c:\users\rstei\appdata\local\temp\ps3ppuld49762\minecraft
c:\users\rstei\appdata\local\temp\ps3ppuld210242\minecraft
c:\users\rstei\appdata\local\temp\ps3ppuld195002\minecraft
c:\users\rstei\appdata\local\temp\ps3ppuld150082\minecraft
c:\users\rstei\appdata\local\temp\ps3ppuld253162\minecraft
c:\users\rstei\appdata\local\temp\ps3ppuld182522\minecraft
c:\users\rstei\appdata\local\temp\ps3ppuld232482\minecraft
c:\users\rstei\appdata\local\temp\ps3ppuld178602\minecraft
c:\users\rstei\appdata\local\temp\ps3ppuld58322\minecraft
c:\users\rstei\appdata\local\temp\ps3ppuld235442\minecraft
c:\users\rstei\appdata\local\temp\ps3ppuld96322\minecraft
c:\users\rstei\appdata\local\temp\ps3ppuld300442\minecraft
c:\users\rstei\appdata\local\temp\ps3ppuld127442\minecraft
c:\users\rstei\appdata\local\temp\ps3ppuld251402\minecraft
c:\users\rstei\appdata\local\temp\ps3ppuld286202\minecraft
c:\users\rstei\appdata\local\temp\ps3ppuld150522\minecraft
c:\users\rstei\appdata\local\temp\ps3ppuld224042\minecraft
c:\users\rstei\appdata\local\temp\ps3ppuld211522\minecraft
c:\users\rstei\appdata\local\temp\ps3ppuld300762\lib.ent.s
c:\users\rstei\appdata\local\temp\ps3ppuld251442\lib.ent.s
c:\users\rstei\appdata\local\temp\ps3ppuld40762\lib.ent.s
c:\users\rstei\appdata\local\temp\ps3ppuld146522\lib.ent.s
c:\users\rstei\appdata\local\temp\ps3ppuld62922\lib.ent.s
c:\users\rstei\appdata\local\temp\ps3ppuld162922\lib.ent.s
c:\users\rstei\appdata\local\temp\ps3ppuld57002\lib.ent.s
c:\users\rstei\appdata\local\temp\ps3ppuld306802\lib.ent.s
c:\users\rstei\appdata\local\temp\ps3ppuld49762\lib.ent.s
c:\users\rstei\appdata\local\temp\ps3ppuld210242\lib.ent.s
c:\users\rstei\appdata\local\temp\ps3ppuld195002\lib.ent.s
c:\users\rstei\appdata\local\temp\ps3ppuld150082\lib.ent.s
c:\users\rstei\appdata\local\temp\ps3ppuld253162\lib.ent.s
c:\users\rstei\appdata\local\temp\ps3ppuld182522\lib.ent.s
c:\users\rstei\appdata\local\temp\ps3ppuld232482\lib.ent.s
c:\users\rstei\appdata\local\temp\ps3ppuld178602\lib.ent.s
c:\users\rstei\appdata\local\temp\ps3ppuld58322\lib.ent.s
c:\users\rstei\appdata\local\temp\ps3ppuld235442\lib.ent.s
c:\users\rstei\appdata\local\temp\ps3ppuld96322\lib.ent.s
c:\users\rstei\appdata\local\temp\ps3ppuld300442\lib.ent.s
c:\users\rstei\appdata\local\temp\ps3ppuld127442\lib.ent.s
c:\users\rstei\appdata\local\temp\ps3ppuld251402\lib.ent.s
c:\users\rstei\appdata\local\temp\ps3ppuld286202\lib.ent.s
c:\users\rstei\appdata\local\temp\ps3ppuld150522\lib.ent.s
c:\users\rstei\appdata\local\temp\ps3ppuld224042\lib.ent.s
c:\users\rstei\appdata\local\temp\ps3ppuld211522\lib.ent.s
c:\users\rstei\documents\github\4j-devkit\minecraft base sprx\bin\debug-ps3\minecraft.map
c:\users\rstei\documents\github\4j-devkit\minecraft base sprx\bin-int\debug-ps3\minecraft\detour.o
c:\users\rstei\documents\github\4j-devkit\minecraft base sprx\bin-int\debug-ps3\minecraft\pattern.o
c:\users\rstei\documents\github\4j-devkit\minecraft base sprx\bin-int\debug-ps3\minecraft\memory.o
c:\users\rstei\documents\github\4j-devkit\minecraft base sprx\bin-int\debug-ps3\minecraft\filesystem.o
c:\users\rstei\documents\github\4j-devkit\minecraft base sprx\bin-int\debug-ps3\minecraft\systemcalls.o
c:\users\rstei\documents\github\4j-devkit\minecraft base sprx\bin-int\debug-ps3\minecraft\main.o
c:\users\rstei\documents\github\4j-devkit\source sprx\minecraft base sprx\bin-int\debug-ps3\minecraft\detour.o
c:\users\rstei\documents\github\4j-devkit\source sprx\minecraft base sprx\bin-int\debug-ps3\minecraft\filesystem.o
c:\users\rstei\documents\github\4j-devkit\source sprx\minecraft base sprx\bin-int\debug-ps3\minecraft\game.o
c:\users\rstei\documents\github\4j-devkit\source sprx\minecraft base sprx\bin-int\debug-ps3\minecraft\helpers.o
c:\users\rstei\documents\github\4j-devkit\source sprx\minecraft base sprx\bin-int\debug-ps3\minecraft\hooking.o
c:\users\rstei\documents\github\4j-devkit\source sprx\minecraft base sprx\bin-int\debug-ps3\minecraft\main.o
c:\users\rstei\documents\github\4j-devkit\source sprx\minecraft base sprx\bin-int\debug-ps3\minecraft\memory.o
c:\users\rstei\documents\github\4j-devkit\source sprx\minecraft base sprx\bin-int\debug-ps3\minecraft\pattern.o
c:\users\rstei\documents\github\4j-devkit\source sprx\minecraft base sprx\bin-int\debug-ps3\minecraft\systemcalls.o
c:\users\rstei\documents\github\4j-devkit\source sprx\minecraft base sprx\bin-int\debug-ps3\minecraft\minecraft.write.1.tlog
c:\users\rstei\documents\github\4j-devkit\source sprx\minecraft base sprx\bin\debug-ps3\minecraft.sprx
c:\users\rstei\documents\github\4j-devkit\source sprx\minecraft base sprx\bin-int\debug-ps3\minecraft\minecraft.tlog\ps3ppuld64-make_fself.read.1.tlog
c:\users\rstei\documents\github\4j-devkit\source sprx\minecraft base sprx\bin-int\debug-ps3\minecraft\minecraft.tlog\ps3ppuld64-make_fself.write.1.tlog
c:\users\rstei\documents\github\4j-devkit\source sprx\minecraft base sprx\bin-int\debug-ps3\minecraft\minecraft.tlog\ps3ppuld64-ppu-lv2-as.read.1.tlog
c:\users\rstei\documents\github\4j-devkit\source sprx\minecraft base sprx\bin-int\debug-ps3\minecraft\minecraft.tlog\ps3ppuld64-ppu-lv2-as.write.1.tlog
c:\users\rstei\documents\github\4j-devkit\source sprx\minecraft base sprx\bin-int\debug-ps3\minecraft\minecraft.tlog\ps3ppuld64-ppu-lv2-prx-fixup.read.1.tlog
c:\users\rstei\documents\github\4j-devkit\source sprx\minecraft base sprx\bin-int\debug-ps3\minecraft\minecraft.tlog\ps3ppuld64-ppu-lv2-prx-fixup.write.1.tlog
c:\users\rstei\documents\github\4j-devkit\source sprx\minecraft base sprx\bin-int\debug-ps3\minecraft\minecraft.tlog\ps3ppuld64-ppu-lv2-prx-libgen.read.1.tlog
c:\users\rstei\documents\github\4j-devkit\source sprx\minecraft base sprx\bin-int\debug-ps3\minecraft\minecraft.tlog\ps3ppuld64-ppu-lv2-prx-libgen.write.1.tlog
c:\users\rstei\documents\github\4j-devkit\source sprx\minecraft base sprx\bin-int\debug-ps3\minecraft\minecraft.tlog\ps3ppuld64.command.1.tlog
c:\users\rstei\documents\github\4j-devkit\source sprx\minecraft base sprx\bin-int\debug-ps3\minecraft\minecraft.tlog\ps3ppuld64.read.1.tlog
c:\users\rstei\documents\github\4j-devkit\source sprx\minecraft base sprx\bin-int\debug-ps3\minecraft\minecraft.tlog\ps3ppuld64.write.1.tlog
c:\users\rstei\documents\github\4j-devkit\source sprx\minecraft base sprx\bin-int\debug-ps3\minecraft\minecraft.tlog\ps3ppusnc.command.1.tlog
c:\users\rstei\documents\github\4j-devkit\source sprx\minecraft base sprx\bin-int\debug-ps3\minecraft\minecraft.tlog\ps3ppusnc.read.1.tlog
c:\users\rstei\documents\github\4j-devkit\source sprx\minecraft base sprx\bin-int\debug-ps3\minecraft\minecraft.tlog\ps3ppusnc.write.1.tlog
