c:\users\rstei\desktop\downcraft sprx v4 source base menu\ps3_debug\cellprx_downcraftsprx_stub.a
c:\users\rstei\desktop\pc\downcraft\downcraft sprx v4 source base menu\ps3_debug\cellprx_downcraftsprx_stub.a
c:\users\misak\documents\github\4j-devkit\4j-devkit\downcraft sprx source code\ps3_debug\cellprx_downcraftsprx_stub.a
c:\users\rstei\documents\github\4j-devkit\downcraft sprx source code\ps3_debug\cellprx_downcraftsprx_stub.a
c:\users\rstei\documents\github\4j-devkit\downcraft sprx source code\ps3_debug\mc.sprx
c:\users\rstei\appdata\local\temp\ps3ppuld20322\lib.ent.o
c:\users\rstei\appdata\local\temp\ps3ppuld493922\lib.ent.o
c:\users\rstei\appdata\local\temp\ps3ppuld201602\lib.ent.o
c:\users\rstei\appdata\local\temp\ps3ppuld165802\lib.ent.o
c:\users\rstei\appdata\local\temp\ps3ppuld393842\lib.ent.o
c:\users\rstei\appdata\local\temp\ps3ppuld294282\lib.ent.o
c:\users\rstei\appdata\local\temp\ps3ppuld127842\lib.ent.o
c:\users\rstei\appdata\local\temp\ps3ppuld60002\lib.ent.o
c:\users\rstei\appdata\local\temp\ps3ppuld28362\lib.ent.o
c:\users\rstei\appdata\local\temp\ps3ppuld262402\lib.ent.o
c:\users\rstei\appdata\local\temp\ps3ppuld219362\lib.ent.o
c:\users\rstei\appdata\local\temp\ps3ppuld318402\lib.ent.o
c:\users\rstei\appdata\local\temp\ps3ppuld202202\lib.ent.o
c:\users\rstei\appdata\local\temp\ps3ppuld393442\lib.ent.o
c:\users\rstei\appdata\local\temp\ps3ppuld67682\lib.ent.o
c:\users\rstei\appdata\local\temp\ps3ppuld524442\lib.ent.o
c:\users\rstei\appdata\local\temp\ps3ppuld187722\lib.ent.o
c:\users\rstei\appdata\local\temp\ps3ppuld43042\lib.ent.o
c:\users\rstei\appdata\local\temp\ps3ppuld562202\lib.ent.o
c:\users\rstei\appdata\local\temp\ps3ppuld80162\lib.ent.o
c:\users\rstei\appdata\local\temp\ps3ppuld248962\lib.ent.o
c:\users\rstei\appdata\local\temp\ps3ppuld559322\lib.ent.o
c:\users\rstei\appdata\local\temp\ps3ppuld109682\lib.ent.o
c:\users\rstei\appdata\local\temp\ps3ppuld294842\lib.ent.o
c:\users\rstei\appdata\local\temp\ps3ppuld134122\lib.ent.o
c:\users\rstei\appdata\local\temp\ps3ppuld422642\lib.ent.o
c:\users\rstei\appdata\local\temp\ps3ppuld327762\lib.ent.o
c:\users\rstei\appdata\local\temp\ps3ppuld441922\lib.ent.o
c:\users\rstei\appdata\local\temp\ps3ppuld8362\lib.ent.o
c:\users\rstei\appdata\local\temp\ps3ppuld281482\lib.ent.o
c:\users\rstei\appdata\local\temp\ps3ppuld208202\lib.ent.o
c:\users\rstei\appdata\local\temp\ps3ppuld206402\lib.ent.o
c:\users\rstei\appdata\local\temp\ps3ppuld245922\lib.ent.o
c:\users\rstei\appdata\local\temp\ps3ppuld43962\lib.ent.o
c:\users\rstei\appdata\local\temp\ps3ppuld376802\lib.ent.o
c:\users\rstei\appdata\local\temp\ps3ppuld67562\lib.ent.o
c:\users\rstei\appdata\local\temp\ps3ppuld12322\lib.ent.o
c:\users\rstei\appdata\local\temp\ps3ppuld265762\lib.ent.o
c:\users\rstei\appdata\local\temp\ps3ppuld143442\lib.ent.o
c:\users\rstei\appdata\local\temp\ps3ppuld290002\lib.ent.o
c:\users\rstei\appdata\local\temp\ps3ppuld180082\lib.ent.o
c:\users\rstei\appdata\local\temp\ps3ppuld441282\lib.ent.o
c:\users\rstei\appdata\local\temp\ps3ppuld460482\lib.ent.o
c:\users\rstei\appdata\local\temp\ps3ppuld73202\lib.ent.o
c:\users\rstei\appdata\local\temp\ps3ppuld306002\lib.ent.o
c:\users\rstei\appdata\local\temp\ps3ppuld233922\lib.ent.o
c:\users\rstei\appdata\local\temp\ps3ppuld512322\lib.ent.o
c:\users\rstei\appdata\local\temp\ps3ppuld404882\lib.ent.o
c:\users\rstei\appdata\local\temp\ps3ppuld390282\lib.ent.o
c:\users\rstei\appdata\local\temp\ps3ppuld562882\lib.ent.o
c:\users\rstei\appdata\local\temp\ps3ppuld402322\lib.ent.o
c:\users\rstei\appdata\local\temp\ps3ppuld509362\lib.ent.o
c:\users\rstei\appdata\local\temp\ps3ppuld351202\lib.ent.o
c:\users\rstei\appdata\local\temp\ps3ppuld208482\lib.ent.o
c:\users\rstei\appdata\local\temp\ps3ppuld227922\lib.ent.o
c:\users\rstei\appdata\local\temp\ps3ppuld359242\lib.ent.o
c:\users\rstei\appdata\local\temp\ps3ppuld214762\lib.ent.o
c:\users\rstei\appdata\local\temp\ps3ppuld163522\lib.ent.o
c:\users\rstei\appdata\local\temp\ps3ppuld460602\lib.ent.o
c:\users\rstei\appdata\local\temp\ps3ppuld178522\lib.ent.o
c:\users\rstei\appdata\local\temp\ps3ppuld137762\lib.ent.o
c:\users\rstei\appdata\local\temp\ps3ppuld420602\lib.ent.o
c:\users\rstei\appdata\local\temp\ps3ppuld533242\lib.ent.o
c:\users\rstei\appdata\local\temp\ps3ppuld68242\lib.ent.o
c:\users\rstei\appdata\local\temp\ps3ppuld442882\lib.ent.o
c:\users\rstei\appdata\local\temp\ps3ppuld515082\lib.ent.o
c:\users\rstei\appdata\local\temp\ps3ppuld62882\lib.ent.o
c:\users\rstei\appdata\local\temp\ps3ppuld407242\lib.ent.o
c:\users\rstei\appdata\local\temp\ps3ppuld499442\lib.ent.o
c:\users\rstei\appdata\local\temp\ps3ppuld307762\lib.ent.o
c:\users\rstei\appdata\local\temp\ps3ppuld169042\lib.ent.o
c:\users\rstei\appdata\local\temp\ps3ppuld161722\lib.ent.o
c:\users\rstei\appdata\local\temp\ps3ppuld328962\lib.ent.o
c:\users\rstei\appdata\local\temp\ps3ppuld134882\lib.ent.o
c:\users\rstei\appdata\local\temp\ps3ppuld371522\lib.ent.o
c:\users\rstei\appdata\local\temp\ps3ppuld19562\lib.ent.o
c:\users\rstei\appdata\local\temp\ps3ppuld158162\lib.ent.o
c:\users\rstei\appdata\local\temp\ps3ppuld438442\lib.ent.o
c:\users\rstei\appdata\local\temp\ps3ppuld447882\lib.ent.o
c:\users\rstei\appdata\local\temp\ps3ppuld294762\lib.ent.o
c:\users\rstei\appdata\local\temp\ps3ppuld397802\lib.ent.o
c:\users\rstei\appdata\local\temp\ps3ppuld420322\lib.ent.o
c:\users\rstei\appdata\local\temp\ps3ppuld505482\lib.ent.o
c:\users\rstei\appdata\local\temp\ps3ppuld11802\lib.ent.o
c:\users\rstei\appdata\local\temp\ps3ppuld180682\lib.ent.o
c:\users\rstei\appdata\local\temp\ps3ppuld535922\lib.ent.o
c:\users\rstei\appdata\local\temp\ps3ppuld512802\lib.ent.o
c:\users\rstei\appdata\local\temp\ps3ppuld268642\lib.ent.o
c:\users\rstei\appdata\local\temp\ps3ppuld303842\lib.ent.o
c:\users\rstei\appdata\local\temp\ps3ppuld28962\lib.ent.o
c:\users\rstei\appdata\local\temp\ps3ppuld76922\lib.ent.o
c:\users\rstei\appdata\local\temp\ps3ppuld284722\lib.ent.o
c:\users\rstei\appdata\local\temp\ps3ppuld287802\lib.ent.o
c:\users\rstei\appdata\local\temp\ps3ppuld64522\lib.ent.o
c:\users\rstei\appdata\local\temp\ps3ppuld184842\lib.ent.o
c:\users\rstei\appdata\local\temp\ps3ppuld82762\lib.ent.o
c:\users\rstei\appdata\local\temp\ps3ppuld50442\lib.ent.o
c:\users\rstei\appdata\local\temp\ps3ppuld136402\lib.ent.o
c:\users\rstei\appdata\local\temp\ps3ppuld178082\lib.ent.o
c:\users\rstei\appdata\local\temp\ps3ppuld140522\lib.ent.o
c:\users\rstei\appdata\local\temp\ps3ppuld159362\lib.ent.o
c:\users\rstei\appdata\local\temp\ps3ppuld223882\lib.ent.o
c:\users\rstei\appdata\local\temp\ps3ppuld249162\lib.ent.o
c:\users\rstei\appdata\local\temp\ps3ppuld198322\lib.ent.o
c:\users\rstei\appdata\local\temp\ps3ppuld259882\lib.ent.o
c:\users\rstei\appdata\local\temp\ps3ppuld226482\lib.ent.o
c:\users\rstei\appdata\local\temp\ps3ppuld284962\lib.ent.o
c:\users\rstei\appdata\local\temp\ps3ppuld209602\lib.ent.o
c:\users\rstei\appdata\local\temp\ps3ppuld166602\lib.ent.o
c:\users\rstei\appdata\local\temp\ps3ppuld117362\lib.ent.o
c:\users\rstei\appdata\local\temp\ps3ppuld218562\lib.ent.o
c:\users\rstei\appdata\local\temp\ps3ppuld292882\lib.ent.o
c:\users\rstei\appdata\local\temp\ps3ppuld209842\lib.ent.o
c:\users\rstei\appdata\local\temp\ps3ppuld269082\lib.ent.o
c:\users\rstei\appdata\local\temp\ps3ppuld189602\lib.ent.o
c:\users\rstei\appdata\local\temp\ps3ppuld250842\lib.ent.o
c:\users\rstei\appdata\local\temp\ps3ppuld193962\lib.ent.o
c:\users\rstei\appdata\local\temp\ps3ppuld220482\lib.ent.o
c:\users\rstei\appdata\local\temp\ps3ppuld238682\lib.ent.o
c:\users\rstei\appdata\local\temp\ps3ppuld239322\lib.ent.o
c:\users\rstei\appdata\local\temp\ps3ppuld237602\lib.ent.o
c:\users\rstei\appdata\local\temp\ps3ppuld233842\lib.ent.o
c:\users\rstei\appdata\local\temp\ps3ppuld71762\lib.ent.o
c:\users\rstei\appdata\local\temp\ps3ppuld240162\lib.ent.o
c:\users\rstei\appdata\local\temp\ps3ppuld185562\lib.ent.o
c:\users\rstei\appdata\local\temp\ps3ppuld203642\lib.ent.o
c:\users\rstei\appdata\local\temp\ps3ppuld223722\lib.ent.o
c:\users\rstei\appdata\local\temp\ps3ppuld40162\lib.ent.o
c:\users\rstei\appdata\local\temp\ps3ppuld142762\lib.ent.o
c:\users\rstei\appdata\local\temp\ps3ppuld241962\lib.ent.o
c:\users\rstei\appdata\local\temp\ps3ppuld144562\lib.ent.o
c:\users\rstei\appdata\local\temp\ps3ppuld100842\lib.ent.o
c:\users\rstei\appdata\local\temp\ps3ppuld181482\lib.ent.o
c:\users\rstei\appdata\local\temp\ps3ppuld15122\lib.ent.o
c:\users\rstei\appdata\local\temp\ps3ppuld86962\lib.ent.o
c:\users\rstei\appdata\local\temp\ps3ppuld180802\lib.ent.o
c:\users\rstei\appdata\local\temp\ps3ppuld110722\lib.ent.o
c:\users\rstei\appdata\local\temp\ps3ppuld194722\lib.ent.o
c:\users\rstei\appdata\local\temp\ps3ppuld163362\lib.ent.o
c:\users\rstei\appdata\local\temp\ps3ppuld74602\lib.ent.o
c:\users\rstei\appdata\local\temp\ps3ppuld216722\lib.ent.o
c:\users\rstei\appdata\local\temp\ps3ppuld25802\lib.ent.o
c:\users\rstei\appdata\local\temp\ps3ppuld117682\lib.ent.o
c:\users\rstei\appdata\local\temp\ps3ppuld196282\lib.ent.o
c:\users\rstei\appdata\local\temp\ps3ppuld167562\lib.ent.o
c:\users\rstei\appdata\local\temp\ps3ppuld117082\lib.ent.o
c:\users\rstei\appdata\local\temp\ps3ppuld112322\lib.ent.o
c:\users\rstei\appdata\local\temp\ps3ppuld220642\lib.ent.o
c:\users\rstei\appdata\local\temp\ps3ppuld168282\lib.ent.o
c:\users\rstei\appdata\local\temp\ps3ppuld161522\lib.ent.o
c:\users\rstei\appdata\local\temp\ps3ppuld178602\lib.ent.o
c:\users\rstei\appdata\local\temp\ps3ppuld130922\lib.ent.o
c:\users\rstei\appdata\local\temp\ps3ppuld231202\lib.ent.o
c:\users\rstei\appdata\local\temp\ps3ppuld219602\lib.ent.o
c:\users\rstei\appdata\local\temp\ps3ppuld171842\lib.ent.o
c:\users\rstei\appdata\local\temp\ps3ppuld20322\mc
c:\users\rstei\appdata\local\temp\ps3ppuld493922\mc
c:\users\rstei\appdata\local\temp\ps3ppuld201602\mc
c:\users\rstei\appdata\local\temp\ps3ppuld165802\mc
c:\users\rstei\appdata\local\temp\ps3ppuld393842\mc
c:\users\rstei\appdata\local\temp\ps3ppuld294282\mc
c:\users\rstei\appdata\local\temp\ps3ppuld127842\mc
c:\users\rstei\appdata\local\temp\ps3ppuld60002\mc
c:\users\rstei\appdata\local\temp\ps3ppuld28362\mc
c:\users\rstei\appdata\local\temp\ps3ppuld262402\mc
c:\users\rstei\appdata\local\temp\ps3ppuld219362\mc
c:\users\rstei\appdata\local\temp\ps3ppuld318402\mc
c:\users\rstei\appdata\local\temp\ps3ppuld202202\mc
c:\users\rstei\appdata\local\temp\ps3ppuld393442\mc
c:\users\rstei\appdata\local\temp\ps3ppuld67682\mc
c:\users\rstei\appdata\local\temp\ps3ppuld524442\mc
c:\users\rstei\appdata\local\temp\ps3ppuld187722\mc
c:\users\rstei\appdata\local\temp\ps3ppuld43042\mc
c:\users\rstei\appdata\local\temp\ps3ppuld562202\mc
c:\users\rstei\appdata\local\temp\ps3ppuld80162\mc
c:\users\rstei\appdata\local\temp\ps3ppuld248962\mc
c:\users\rstei\appdata\local\temp\ps3ppuld559322\mc
c:\users\rstei\appdata\local\temp\ps3ppuld109682\mc
c:\users\rstei\appdata\local\temp\ps3ppuld294842\mc
c:\users\rstei\appdata\local\temp\ps3ppuld134122\mc
c:\users\rstei\appdata\local\temp\ps3ppuld422642\mc
c:\users\rstei\appdata\local\temp\ps3ppuld327762\mc
c:\users\rstei\appdata\local\temp\ps3ppuld441922\mc
c:\users\rstei\appdata\local\temp\ps3ppuld8362\mc
c:\users\rstei\appdata\local\temp\ps3ppuld281482\mc
c:\users\rstei\appdata\local\temp\ps3ppuld208202\mc
c:\users\rstei\appdata\local\temp\ps3ppuld206402\mc
c:\users\rstei\appdata\local\temp\ps3ppuld245922\mc
c:\users\rstei\appdata\local\temp\ps3ppuld43962\mc
c:\users\rstei\appdata\local\temp\ps3ppuld376802\mc
c:\users\rstei\appdata\local\temp\ps3ppuld67562\mc
c:\users\rstei\appdata\local\temp\ps3ppuld12322\mc
c:\users\rstei\appdata\local\temp\ps3ppuld265762\mc
c:\users\rstei\appdata\local\temp\ps3ppuld143442\mc
c:\users\rstei\appdata\local\temp\ps3ppuld290002\mc
c:\users\rstei\appdata\local\temp\ps3ppuld180082\mc
c:\users\rstei\appdata\local\temp\ps3ppuld441282\mc
c:\users\rstei\appdata\local\temp\ps3ppuld460482\mc
c:\users\rstei\appdata\local\temp\ps3ppuld73202\mc
c:\users\rstei\appdata\local\temp\ps3ppuld306002\mc
c:\users\rstei\appdata\local\temp\ps3ppuld233922\mc
c:\users\rstei\appdata\local\temp\ps3ppuld512322\mc
c:\users\rstei\appdata\local\temp\ps3ppuld404882\mc
c:\users\rstei\appdata\local\temp\ps3ppuld390282\mc
c:\users\rstei\appdata\local\temp\ps3ppuld562882\mc
c:\users\rstei\appdata\local\temp\ps3ppuld402322\mc
c:\users\rstei\appdata\local\temp\ps3ppuld509362\mc
c:\users\rstei\appdata\local\temp\ps3ppuld351202\mc
c:\users\rstei\appdata\local\temp\ps3ppuld208482\mc
c:\users\rstei\appdata\local\temp\ps3ppuld227922\mc
c:\users\rstei\appdata\local\temp\ps3ppuld359242\mc
c:\users\rstei\appdata\local\temp\ps3ppuld214762\mc
c:\users\rstei\appdata\local\temp\ps3ppuld163522\mc
c:\users\rstei\appdata\local\temp\ps3ppuld460602\mc
c:\users\rstei\appdata\local\temp\ps3ppuld178522\mc
c:\users\rstei\appdata\local\temp\ps3ppuld137762\mc
c:\users\rstei\appdata\local\temp\ps3ppuld420602\mc
c:\users\rstei\appdata\local\temp\ps3ppuld533242\mc
c:\users\rstei\appdata\local\temp\ps3ppuld68242\mc
c:\users\rstei\appdata\local\temp\ps3ppuld442882\mc
c:\users\rstei\appdata\local\temp\ps3ppuld515082\mc
c:\users\rstei\appdata\local\temp\ps3ppuld62882\mc
c:\users\rstei\appdata\local\temp\ps3ppuld407242\mc
c:\users\rstei\appdata\local\temp\ps3ppuld499442\mc
c:\users\rstei\appdata\local\temp\ps3ppuld307762\mc
c:\users\rstei\appdata\local\temp\ps3ppuld169042\mc
c:\users\rstei\appdata\local\temp\ps3ppuld328962\mc
c:\users\rstei\appdata\local\temp\ps3ppuld371522\mc
c:\users\rstei\appdata\local\temp\ps3ppuld19562\mc
c:\users\rstei\appdata\local\temp\ps3ppuld158162\mc
c:\users\rstei\appdata\local\temp\ps3ppuld294762\mc
c:\users\rstei\appdata\local\temp\ps3ppuld397802\mc
c:\users\rstei\appdata\local\temp\ps3ppuld420322\mc
c:\users\rstei\appdata\local\temp\ps3ppuld505482\mc
c:\users\rstei\appdata\local\temp\ps3ppuld11802\mc
c:\users\rstei\appdata\local\temp\ps3ppuld180682\mc
c:\users\rstei\appdata\local\temp\ps3ppuld535922\mc
c:\users\rstei\appdata\local\temp\ps3ppuld512802\mc
c:\users\rstei\appdata\local\temp\ps3ppuld268642\mc
c:\users\rstei\appdata\local\temp\ps3ppuld303842\mc
c:\users\rstei\appdata\local\temp\ps3ppuld28962\mc
c:\users\rstei\appdata\local\temp\ps3ppuld76922\mc
c:\users\rstei\appdata\local\temp\ps3ppuld284722\mc
c:\users\rstei\appdata\local\temp\ps3ppuld287802\mc
c:\users\rstei\appdata\local\temp\ps3ppuld64522\mc
c:\users\rstei\appdata\local\temp\ps3ppuld184842\mc
c:\users\rstei\appdata\local\temp\ps3ppuld82762\mc
c:\users\rstei\appdata\local\temp\ps3ppuld50442\mc
c:\users\rstei\appdata\local\temp\ps3ppuld136402\mc
c:\users\rstei\appdata\local\temp\ps3ppuld178082\mc
c:\users\rstei\appdata\local\temp\ps3ppuld226482\mc
c:\users\rstei\appdata\local\temp\ps3ppuld284962\mc
c:\users\rstei\appdata\local\temp\ps3ppuld209602\mc
c:\users\rstei\appdata\local\temp\ps3ppuld166602\mc
c:\users\rstei\appdata\local\temp\ps3ppuld117362\mc
c:\users\rstei\appdata\local\temp\ps3ppuld218562\mc
c:\users\rstei\appdata\local\temp\ps3ppuld292882\mc
c:\users\rstei\appdata\local\temp\ps3ppuld209842\mc
c:\users\rstei\appdata\local\temp\ps3ppuld269082\mc
c:\users\rstei\appdata\local\temp\ps3ppuld189602\mc
c:\users\rstei\appdata\local\temp\ps3ppuld250842\mc
c:\users\rstei\appdata\local\temp\ps3ppuld193962\mc
c:\users\rstei\appdata\local\temp\ps3ppuld220482\mc
c:\users\rstei\appdata\local\temp\ps3ppuld238682\mc
c:\users\rstei\appdata\local\temp\ps3ppuld239322\mc
c:\users\rstei\appdata\local\temp\ps3ppuld237602\mc
c:\users\rstei\appdata\local\temp\ps3ppuld233842\mc
c:\users\rstei\appdata\local\temp\ps3ppuld71762\mc
c:\users\rstei\appdata\local\temp\ps3ppuld240162\mc
c:\users\rstei\appdata\local\temp\ps3ppuld185562\mc
c:\users\rstei\appdata\local\temp\ps3ppuld203642\mc
c:\users\rstei\appdata\local\temp\ps3ppuld223722\mc
c:\users\rstei\appdata\local\temp\ps3ppuld40162\mc
c:\users\rstei\appdata\local\temp\ps3ppuld142762\mc
c:\users\rstei\appdata\local\temp\ps3ppuld241962\mc
c:\users\rstei\appdata\local\temp\ps3ppuld144562\mc
c:\users\rstei\appdata\local\temp\ps3ppuld100842\mc
c:\users\rstei\appdata\local\temp\ps3ppuld181482\mc
c:\users\rstei\appdata\local\temp\ps3ppuld15122\mc
c:\users\rstei\appdata\local\temp\ps3ppuld86962\mc
c:\users\rstei\appdata\local\temp\ps3ppuld180802\mc
c:\users\rstei\appdata\local\temp\ps3ppuld110722\mc
c:\users\rstei\appdata\local\temp\ps3ppuld194722\mc
c:\users\rstei\appdata\local\temp\ps3ppuld163362\mc
c:\users\rstei\appdata\local\temp\ps3ppuld74602\mc
c:\users\rstei\appdata\local\temp\ps3ppuld216722\mc
c:\users\rstei\appdata\local\temp\ps3ppuld25802\mc
c:\users\rstei\appdata\local\temp\ps3ppuld117682\mc
c:\users\rstei\appdata\local\temp\ps3ppuld196282\mc
c:\users\rstei\appdata\local\temp\ps3ppuld167562\mc
c:\users\rstei\appdata\local\temp\ps3ppuld117082\mc
c:\users\rstei\appdata\local\temp\ps3ppuld112322\mc
c:\users\rstei\appdata\local\temp\ps3ppuld220642\mc
c:\users\rstei\appdata\local\temp\ps3ppuld168282\mc
c:\users\rstei\appdata\local\temp\ps3ppuld161522\mc
c:\users\rstei\appdata\local\temp\ps3ppuld178602\mc
c:\users\rstei\appdata\local\temp\ps3ppuld130922\mc
c:\users\rstei\appdata\local\temp\ps3ppuld231202\mc
c:\users\rstei\appdata\local\temp\ps3ppuld219602\mc
c:\users\rstei\appdata\local\temp\ps3ppuld171842\mc
c:\users\rstei\appdata\local\temp\ps3ppuld20322\lib.ent.s
c:\users\rstei\appdata\local\temp\ps3ppuld493922\lib.ent.s
c:\users\rstei\appdata\local\temp\ps3ppuld201602\lib.ent.s
c:\users\rstei\appdata\local\temp\ps3ppuld165802\lib.ent.s
c:\users\rstei\appdata\local\temp\ps3ppuld393842\lib.ent.s
c:\users\rstei\appdata\local\temp\ps3ppuld294282\lib.ent.s
c:\users\rstei\appdata\local\temp\ps3ppuld127842\lib.ent.s
c:\users\rstei\appdata\local\temp\ps3ppuld60002\lib.ent.s
c:\users\rstei\appdata\local\temp\ps3ppuld28362\lib.ent.s
c:\users\rstei\appdata\local\temp\ps3ppuld262402\lib.ent.s
c:\users\rstei\appdata\local\temp\ps3ppuld219362\lib.ent.s
c:\users\rstei\appdata\local\temp\ps3ppuld318402\lib.ent.s
c:\users\rstei\appdata\local\temp\ps3ppuld202202\lib.ent.s
c:\users\rstei\appdata\local\temp\ps3ppuld393442\lib.ent.s
c:\users\rstei\appdata\local\temp\ps3ppuld67682\lib.ent.s
c:\users\rstei\appdata\local\temp\ps3ppuld524442\lib.ent.s
c:\users\rstei\appdata\local\temp\ps3ppuld187722\lib.ent.s
c:\users\rstei\appdata\local\temp\ps3ppuld43042\lib.ent.s
c:\users\rstei\appdata\local\temp\ps3ppuld562202\lib.ent.s
c:\users\rstei\appdata\local\temp\ps3ppuld80162\lib.ent.s
c:\users\rstei\appdata\local\temp\ps3ppuld248962\lib.ent.s
c:\users\rstei\appdata\local\temp\ps3ppuld559322\lib.ent.s
c:\users\rstei\appdata\local\temp\ps3ppuld109682\lib.ent.s
c:\users\rstei\appdata\local\temp\ps3ppuld294842\lib.ent.s
c:\users\rstei\appdata\local\temp\ps3ppuld134122\lib.ent.s
c:\users\rstei\appdata\local\temp\ps3ppuld422642\lib.ent.s
c:\users\rstei\appdata\local\temp\ps3ppuld327762\lib.ent.s
c:\users\rstei\appdata\local\temp\ps3ppuld441922\lib.ent.s
c:\users\rstei\appdata\local\temp\ps3ppuld8362\lib.ent.s
c:\users\rstei\appdata\local\temp\ps3ppuld281482\lib.ent.s
c:\users\rstei\appdata\local\temp\ps3ppuld208202\lib.ent.s
c:\users\rstei\appdata\local\temp\ps3ppuld206402\lib.ent.s
c:\users\rstei\appdata\local\temp\ps3ppuld245922\lib.ent.s
c:\users\rstei\appdata\local\temp\ps3ppuld43962\lib.ent.s
c:\users\rstei\appdata\local\temp\ps3ppuld376802\lib.ent.s
c:\users\rstei\appdata\local\temp\ps3ppuld67562\lib.ent.s
c:\users\rstei\appdata\local\temp\ps3ppuld12322\lib.ent.s
c:\users\rstei\appdata\local\temp\ps3ppuld265762\lib.ent.s
c:\users\rstei\appdata\local\temp\ps3ppuld143442\lib.ent.s
c:\users\rstei\appdata\local\temp\ps3ppuld290002\lib.ent.s
c:\users\rstei\appdata\local\temp\ps3ppuld180082\lib.ent.s
c:\users\rstei\appdata\local\temp\ps3ppuld441282\lib.ent.s
c:\users\rstei\appdata\local\temp\ps3ppuld460482\lib.ent.s
c:\users\rstei\appdata\local\temp\ps3ppuld73202\lib.ent.s
c:\users\rstei\appdata\local\temp\ps3ppuld306002\lib.ent.s
c:\users\rstei\appdata\local\temp\ps3ppuld233922\lib.ent.s
c:\users\rstei\appdata\local\temp\ps3ppuld512322\lib.ent.s
c:\users\rstei\appdata\local\temp\ps3ppuld404882\lib.ent.s
c:\users\rstei\appdata\local\temp\ps3ppuld390282\lib.ent.s
c:\users\rstei\appdata\local\temp\ps3ppuld562882\lib.ent.s
c:\users\rstei\appdata\local\temp\ps3ppuld402322\lib.ent.s
c:\users\rstei\appdata\local\temp\ps3ppuld509362\lib.ent.s
c:\users\rstei\appdata\local\temp\ps3ppuld351202\lib.ent.s
c:\users\rstei\appdata\local\temp\ps3ppuld208482\lib.ent.s
c:\users\rstei\appdata\local\temp\ps3ppuld227922\lib.ent.s
c:\users\rstei\appdata\local\temp\ps3ppuld359242\lib.ent.s
c:\users\rstei\appdata\local\temp\ps3ppuld214762\lib.ent.s
c:\users\rstei\appdata\local\temp\ps3ppuld163522\lib.ent.s
c:\users\rstei\appdata\local\temp\ps3ppuld460602\lib.ent.s
c:\users\rstei\appdata\local\temp\ps3ppuld178522\lib.ent.s
c:\users\rstei\appdata\local\temp\ps3ppuld137762\lib.ent.s
c:\users\rstei\appdata\local\temp\ps3ppuld420602\lib.ent.s
c:\users\rstei\appdata\local\temp\ps3ppuld533242\lib.ent.s
c:\users\rstei\appdata\local\temp\ps3ppuld68242\lib.ent.s
c:\users\rstei\appdata\local\temp\ps3ppuld442882\lib.ent.s
c:\users\rstei\appdata\local\temp\ps3ppuld515082\lib.ent.s
c:\users\rstei\appdata\local\temp\ps3ppuld62882\lib.ent.s
c:\users\rstei\appdata\local\temp\ps3ppuld407242\lib.ent.s
c:\users\rstei\appdata\local\temp\ps3ppuld499442\lib.ent.s
c:\users\rstei\appdata\local\temp\ps3ppuld307762\lib.ent.s
c:\users\rstei\appdata\local\temp\ps3ppuld169042\lib.ent.s
c:\users\rstei\appdata\local\temp\ps3ppuld161722\lib.ent.s
c:\users\rstei\appdata\local\temp\ps3ppuld328962\lib.ent.s
c:\users\rstei\appdata\local\temp\ps3ppuld134882\lib.ent.s
c:\users\rstei\appdata\local\temp\ps3ppuld371522\lib.ent.s
c:\users\rstei\appdata\local\temp\ps3ppuld19562\lib.ent.s
c:\users\rstei\appdata\local\temp\ps3ppuld158162\lib.ent.s
c:\users\rstei\appdata\local\temp\ps3ppuld438442\lib.ent.s
c:\users\rstei\appdata\local\temp\ps3ppuld447882\lib.ent.s
c:\users\rstei\appdata\local\temp\ps3ppuld294762\lib.ent.s
c:\users\rstei\appdata\local\temp\ps3ppuld397802\lib.ent.s
c:\users\rstei\appdata\local\temp\ps3ppuld420322\lib.ent.s
c:\users\rstei\appdata\local\temp\ps3ppuld505482\lib.ent.s
c:\users\rstei\appdata\local\temp\ps3ppuld11802\lib.ent.s
c:\users\rstei\appdata\local\temp\ps3ppuld180682\lib.ent.s
c:\users\rstei\appdata\local\temp\ps3ppuld535922\lib.ent.s
c:\users\rstei\appdata\local\temp\ps3ppuld512802\lib.ent.s
c:\users\rstei\appdata\local\temp\ps3ppuld268642\lib.ent.s
c:\users\rstei\appdata\local\temp\ps3ppuld303842\lib.ent.s
c:\users\rstei\appdata\local\temp\ps3ppuld28962\lib.ent.s
c:\users\rstei\appdata\local\temp\ps3ppuld76922\lib.ent.s
c:\users\rstei\appdata\local\temp\ps3ppuld284722\lib.ent.s
c:\users\rstei\appdata\local\temp\ps3ppuld287802\lib.ent.s
c:\users\rstei\appdata\local\temp\ps3ppuld64522\lib.ent.s
c:\users\rstei\appdata\local\temp\ps3ppuld184842\lib.ent.s
c:\users\rstei\appdata\local\temp\ps3ppuld82762\lib.ent.s
c:\users\rstei\appdata\local\temp\ps3ppuld50442\lib.ent.s
c:\users\rstei\appdata\local\temp\ps3ppuld136402\lib.ent.s
c:\users\rstei\appdata\local\temp\ps3ppuld178082\lib.ent.s
c:\users\rstei\appdata\local\temp\ps3ppuld140522\lib.ent.s
c:\users\rstei\appdata\local\temp\ps3ppuld159362\lib.ent.s
c:\users\rstei\appdata\local\temp\ps3ppuld223882\lib.ent.s
c:\users\rstei\appdata\local\temp\ps3ppuld249162\lib.ent.s
c:\users\rstei\appdata\local\temp\ps3ppuld198322\lib.ent.s
c:\users\rstei\appdata\local\temp\ps3ppuld259882\lib.ent.s
c:\users\rstei\appdata\local\temp\ps3ppuld226482\lib.ent.s
c:\users\rstei\appdata\local\temp\ps3ppuld284962\lib.ent.s
c:\users\rstei\appdata\local\temp\ps3ppuld209602\lib.ent.s
c:\users\rstei\appdata\local\temp\ps3ppuld166602\lib.ent.s
c:\users\rstei\appdata\local\temp\ps3ppuld117362\lib.ent.s
c:\users\rstei\appdata\local\temp\ps3ppuld218562\lib.ent.s
c:\users\rstei\appdata\local\temp\ps3ppuld292882\lib.ent.s
c:\users\rstei\appdata\local\temp\ps3ppuld209842\lib.ent.s
c:\users\rstei\appdata\local\temp\ps3ppuld269082\lib.ent.s
c:\users\rstei\appdata\local\temp\ps3ppuld189602\lib.ent.s
c:\users\rstei\appdata\local\temp\ps3ppuld250842\lib.ent.s
c:\users\rstei\appdata\local\temp\ps3ppuld193962\lib.ent.s
c:\users\rstei\appdata\local\temp\ps3ppuld220482\lib.ent.s
c:\users\rstei\appdata\local\temp\ps3ppuld238682\lib.ent.s
c:\users\rstei\appdata\local\temp\ps3ppuld239322\lib.ent.s
c:\users\rstei\appdata\local\temp\ps3ppuld237602\lib.ent.s
c:\users\rstei\appdata\local\temp\ps3ppuld233842\lib.ent.s
c:\users\rstei\appdata\local\temp\ps3ppuld71762\lib.ent.s
c:\users\rstei\appdata\local\temp\ps3ppuld240162\lib.ent.s
c:\users\rstei\appdata\local\temp\ps3ppuld185562\lib.ent.s
c:\users\rstei\appdata\local\temp\ps3ppuld203642\lib.ent.s
c:\users\rstei\appdata\local\temp\ps3ppuld223722\lib.ent.s
c:\users\rstei\appdata\local\temp\ps3ppuld40162\lib.ent.s
c:\users\rstei\appdata\local\temp\ps3ppuld142762\lib.ent.s
c:\users\rstei\appdata\local\temp\ps3ppuld241962\lib.ent.s
c:\users\rstei\appdata\local\temp\ps3ppuld144562\lib.ent.s
c:\users\rstei\appdata\local\temp\ps3ppuld100842\lib.ent.s
c:\users\rstei\appdata\local\temp\ps3ppuld181482\lib.ent.s
c:\users\rstei\appdata\local\temp\ps3ppuld15122\lib.ent.s
c:\users\rstei\appdata\local\temp\ps3ppuld86962\lib.ent.s
c:\users\rstei\appdata\local\temp\ps3ppuld180802\lib.ent.s
c:\users\rstei\appdata\local\temp\ps3ppuld110722\lib.ent.s
c:\users\rstei\appdata\local\temp\ps3ppuld194722\lib.ent.s
c:\users\rstei\appdata\local\temp\ps3ppuld163362\lib.ent.s
c:\users\rstei\appdata\local\temp\ps3ppuld74602\lib.ent.s
c:\users\rstei\appdata\local\temp\ps3ppuld216722\lib.ent.s
c:\users\rstei\appdata\local\temp\ps3ppuld25802\lib.ent.s
c:\users\rstei\appdata\local\temp\ps3ppuld117682\lib.ent.s
c:\users\rstei\appdata\local\temp\ps3ppuld196282\lib.ent.s
c:\users\rstei\appdata\local\temp\ps3ppuld167562\lib.ent.s
c:\users\rstei\appdata\local\temp\ps3ppuld117082\lib.ent.s
c:\users\rstei\appdata\local\temp\ps3ppuld112322\lib.ent.s
c:\users\rstei\appdata\local\temp\ps3ppuld220642\lib.ent.s
c:\users\rstei\appdata\local\temp\ps3ppuld168282\lib.ent.s
c:\users\rstei\appdata\local\temp\ps3ppuld161522\lib.ent.s
c:\users\rstei\appdata\local\temp\ps3ppuld178602\lib.ent.s
c:\users\rstei\appdata\local\temp\ps3ppuld130922\lib.ent.s
c:\users\rstei\appdata\local\temp\ps3ppuld231202\lib.ent.s
c:\users\rstei\appdata\local\temp\ps3ppuld219602\lib.ent.s
c:\users\rstei\appdata\local\temp\ps3ppuld171842\lib.ent.s
c:\users\rstei\documents\github\4j-devkit\downcraft sprx source code\mc\ps3_debug\prx.o
c:\users\rstei\documents\github\4j-devkit\downcraft sprx source code\mc\ps3_debug\gamefunctions.o
c:\users\rstei\documents\github\4j-devkit\downcraft sprx source code\mc\ps3_debug\downcraftsprx.write.1.tlog
c:\users\rstei\documents\github\4j-devkit\downcraft sprx source code\mc\ps3_debug\downcraftsprx.tlog\ps3ppuld64-make_fself.read.1.tlog
c:\users\rstei\documents\github\4j-devkit\downcraft sprx source code\mc\ps3_debug\downcraftsprx.tlog\ps3ppuld64-make_fself.write.1.tlog
c:\users\rstei\documents\github\4j-devkit\downcraft sprx source code\mc\ps3_debug\downcraftsprx.tlog\ps3ppuld64-ppu-lv2-as.read.1.tlog
c:\users\rstei\documents\github\4j-devkit\downcraft sprx source code\mc\ps3_debug\downcraftsprx.tlog\ps3ppuld64-ppu-lv2-as.write.1.tlog
c:\users\rstei\documents\github\4j-devkit\downcraft sprx source code\mc\ps3_debug\downcraftsprx.tlog\ps3ppuld64-ppu-lv2-prx-fixup.read.1.tlog
c:\users\rstei\documents\github\4j-devkit\downcraft sprx source code\mc\ps3_debug\downcraftsprx.tlog\ps3ppuld64-ppu-lv2-prx-fixup.write.1.tlog
c:\users\rstei\documents\github\4j-devkit\downcraft sprx source code\mc\ps3_debug\downcraftsprx.tlog\ps3ppuld64-ppu-lv2-prx-libgen.read.1.tlog
c:\users\rstei\documents\github\4j-devkit\downcraft sprx source code\mc\ps3_debug\downcraftsprx.tlog\ps3ppuld64-ppu-lv2-prx-libgen.write.1.tlog
c:\users\rstei\documents\github\4j-devkit\downcraft sprx source code\mc\ps3_debug\downcraftsprx.tlog\ps3ppuld64.command.1.tlog
c:\users\rstei\documents\github\4j-devkit\downcraft sprx source code\mc\ps3_debug\downcraftsprx.tlog\ps3ppuld64.read.1.tlog
c:\users\rstei\documents\github\4j-devkit\downcraft sprx source code\mc\ps3_debug\downcraftsprx.tlog\ps3ppuld64.write.1.tlog
c:\users\rstei\documents\github\4j-devkit\downcraft sprx source code\mc\ps3_debug\downcraftsprx.tlog\ps3ppusnc.command.1.tlog
c:\users\rstei\documents\github\4j-devkit\downcraft sprx source code\mc\ps3_debug\downcraftsprx.tlog\ps3ppusnc.read.1.tlog
c:\users\rstei\documents\github\4j-devkit\downcraft sprx source code\mc\ps3_debug\downcraftsprx.tlog\ps3ppusnc.write.1.tlog
