  Main.cpp
.\Util/Variables.h(31,17): warning 2623: conversion from a string literal to "char *" is deprecated
  
.\Games/Vector.h(24,9): warning 432: returning reference to local temporary
  
.\Games\Vector.h(28,9): warning 432: returning reference to local temporary
  
.\Games\Vector.h(67,7): warning 429: qualified name is not allowed in member declaration
  
.\Games\Vector.h(44,9): warning 432: returning reference to local temporary
  
.\Games\Vector.h(53,9): warning 432: returning reference to local temporary
  
.\Games\Vector.h(56,9): warning 432: returning reference to local temporary
  
.\Games\Vector.h(59,9): warning 432: returning reference to local temporary
  
.\Games\Vector.h(62,9): warning 432: returning reference to local temporary
  
.\Games\Vector.h(93,9): warning 432: returning reference to local temporary
  
.\Games\Vector.h(97,9): warning 432: returning reference to local temporary
  
.\Games/Struct.h(50,6): warning 1700: class "LevelRenderer" has virtual functions but non-virtual destructor
  
.\Games\Struct.h(103,6): warning 1700: class "MultiPlayerLevel" has virtual functions but non-virtual destructor
  
.\Games\Struct.h(218,6): warning 1700: class "MultiplayerLocalPlayer" has virtual functions but non-virtual destructor
  
.\Games/Functions.h(235,65): warning 1322: taking the address of a temporary
  
.\Games\Functions.h(236): warning 942: missing return statement at end of non-void function "Font_width"
  
.\Games\Functions.h(239,63): warning 1322: taking the address of a temporary
  
.\Games\Functions.h(239,81): warning 1772: argument of type "float" is implicitly converted to parameter (3) of type "std::uint32_t"
  
.\Games\Functions.h(239,84): warning 1772: argument of type "float" is implicitly converted to parameter (4) of type "std::uint32_t"
  
.\Games\Functions.h(243,63): warning 1322: taking the address of a temporary
  
.\Games\Functions.h(243,87): warning 1772: argument of type "float" is implicitly converted to parameter (3) of type "std::uint32_t"
  
.\Games\Functions.h(243,90): warning 1772: argument of type "float" is implicitly converted to parameter (4) of type "std::uint32_t"
  
.\Games\Functions.h(247,89): warning 1322: taking the address of a temporary
  
.\Games\Functions.h(251,47): warning 1772: argument of type "float" is implicitly converted to parameter (2) of type "std::uint32_t"
  
.\Games\Functions.h(251,50): warning 1772: argument of type "float" is implicitly converted to parameter (3) of type "std::uint32_t"
  
.\Games\Functions.h(251,53): warning 1772: argument of type "float" is implicitly converted to parameter (4) of type "std::uint32_t"
  
.\Games\Functions.h(251,60): warning 1772: argument of type "float" is implicitly converted to parameter (5) of type "std::uint32_t"
  
.\Menu/Huds.h(110,13): warning 1628: argument of type "const char *" is incompatible with parameter (1 of DrawTextC) of type "char *"
  
.\Menu\Huds.h(116,13): warning 1628: argument of type "const char *" is incompatible with parameter (1 of DrawTextC) of type "char *"
  
.\Games/Options.h(17,23): warning 2520: invalid narrowing conversion from "double" to "int"
  
.\Games\Options.h(17,77): warning 2520: invalid narrowing conversion from "double" to "int"
  
.\Games\Options.h(17,131): warning 2520: invalid narrowing conversion from "double" to "int"
  
.\Games\Options.h(37,21): warning 2520: invalid narrowing conversion from "unsigned int" to "int"
  
.\Games\Options.h(47,31): warning 2623: conversion from a string literal to "char *" is deprecated
  
.\Games\Options.h(47,40): warning 2623: conversion from a string literal to "char *" is deprecated
  
.\Games\Options.h(47,49): warning 2623: conversion from a string literal to "char *" is deprecated
  
.\Games\Options.h(47,58): warning 2623: conversion from a string literal to "char *" is deprecated
  
.\Games\Options.h(86,4): warning 551: variable "click" is used before its value is set
  
  Minecraft.vcxproj -> C:\Users\rstei\Documents\GitHub\4J-DevKit\Source SPRX\Minecraft Better Edition SPRX\bin\Debug-PS3\Minecraft.sprx
