  Main.cpp
.\Util/Variables.h(14,17): warning 2623: conversion from a string literal to "char *" is deprecated
  
.\Util\Variables.h(31,20): warning 2623: conversion from a string literal to "char *" is deprecated
  
.\Games/Dialog.h(196,6): warning 178: variable "ret" was declared but never referenced
  
.\Games\Dialog.h(238,6): warning 552: variable "ret" was set but never used
  
.\Games/Vector.h(24,9): warning 432: returning reference to local temporary
  
.\Games\Vector.h(28,9): warning 432: returning reference to local temporary
  
.\Games\Vector.h(67,7): warning 429: qualified name is not allowed in member declaration
  
.\Games\Vector.h(44,9): warning 432: returning reference to local temporary
  
.\Games\Vector.h(53,9): warning 432: returning reference to local temporary
  
.\Games\Vector.h(56,9): warning 432: returning reference to local temporary
  
.\Games\Vector.h(59,9): warning 432: returning reference to local temporary
  
.\Games\Vector.h(62,9): warning 432: returning reference to local temporary
  
.\Games\Vector.h(93,9): warning 432: returning reference to local temporary
  
.\Games\Vector.h(97,9): warning 432: returning reference to local temporary
  
.\Games/Struct.h(50,6): warning 1700: class "LevelRenderer" has virtual functions but non-virtual destructor
  
.\Games\Struct.h(103,6): warning 1700: class "MultiPlayerLevel" has virtual functions but non-virtual destructor
  
.\Games\Struct.h(218,6): warning 1700: class "MultiplayerLocalPlayer" has virtual functions but non-virtual destructor
  
.\Games/GamesFunctions.h(45,65): warning 1322: taking the address of a temporary
  
.\Games\GamesFunctions.h(46): warning 942: missing return statement at end of non-void function "Font_width"
  
.\Games\GamesFunctions.h(49,65): warning 1322: taking the address of a temporary
  
.\Games\GamesFunctions.h(50): warning 942: missing return statement at end of non-void function "Font_width_char"
  
.\Games\GamesFunctions.h(53,63): warning 1322: taking the address of a temporary
  
.\Games\GamesFunctions.h(53,81): warning 1772: argument of type "float" is implicitly converted to parameter (3) of type "std::uint32_t"
  
.\Games\GamesFunctions.h(53,84): warning 1772: argument of type "float" is implicitly converted to parameter (4) of type "std::uint32_t"
  
.\Games\GamesFunctions.h(57,63): warning 1322: taking the address of a temporary
  
.\Games\GamesFunctions.h(57,87): warning 1772: argument of type "float" is implicitly converted to parameter (3) of type "std::uint32_t"
  
.\Games\GamesFunctions.h(57,90): warning 1772: argument of type "float" is implicitly converted to parameter (4) of type "std::uint32_t"
  
.\Games\GamesFunctions.h(61,89): warning 1322: taking the address of a temporary
  
.\Games\GamesFunctions.h(65,47): warning 1772: argument of type "float" is implicitly converted to parameter (2) of type "std::uint32_t"
  
.\Games\GamesFunctions.h(65,50): warning 1772: argument of type "float" is implicitly converted to parameter (3) of type "std::uint32_t"
  
.\Games\GamesFunctions.h(65,53): warning 1772: argument of type "float" is implicitly converted to parameter (4) of type "std::uint32_t"
  
.\Games\GamesFunctions.h(65,60): warning 1772: argument of type "float" is implicitly converted to parameter (5) of type "std::uint32_t"
  
.\Games/Functions.h(117,33): warning 176: subscript out of range
  
.\Games\Functions.h(118,34): warning 176: subscript out of range
  
.\Games\Functions.h(119,8): warning 176: subscript out of range
  
.\Menu/Huds.h(63,13): warning 1628: argument of type "const char *" is incompatible with parameter (1 of DrawTextC) of type "char *"
  
.\Menu\Huds.h(65,13): warning 1628: argument of type "const char *" is incompatible with parameter (1 of DrawTextC) of type "char *"
  
  Minecraft.vcxproj -> C:\Users\rstei\Documents\GitHub\4J-DevKit\Source SPRX\Minecraft SPRX source base v1\bin\Debug-PS3\Minecraft.sprx
